Arguments: 
  /usr/local/bin/node /Users/murat/.cache/node/corepack/yarn/1.22.19/bin/yarn.js add -D ts-pattern

PATH: 
  /usr/local/bin:/usr/bin:/bin:/usr/sbin:/sbin

Yarn version: 
  1.22.19

Node version: 
  16.13.0

Platform: 
  darwin x64

Trace: 
  Error: https://extend-159581800400.d.codeartifact.us-east-1.amazonaws.com/npm/extend-npm/@mostly-adequate%2fsupport: Unauthenticated: request used expired credentials. Please renew your credentials.
      at Request.params.callback [as _callback] (/Users/murat/.cache/node/corepack/yarn/1.22.19/lib/cli.js:66145:18)
      at Request.self.callback (/Users/murat/.cache/node/corepack/yarn/1.22.19/lib/cli.js:140890:22)
      at Request.emit (node:events:390:28)
      at Request.<anonymous> (/Users/murat/.cache/node/corepack/yarn/1.22.19/lib/cli.js:141862:10)
      at Request.emit (node:events:390:28)
      at Gunzip.<anonymous> (/Users/murat/.cache/node/corepack/yarn/1.22.19/lib/cli.js:141784:12)
      at Object.onceWrapper (node:events:509:28)
      at Gunzip.emit (node:events:390:28)
      at endReadableNT (node:internal/streams/readable:1343:12)
      at processTicksAndRejections (node:internal/process/task_queues:83:21)

npm manifest: 
  {
    "name": "code",
    "version": "1.0.0",
    "description": "",
    "main": "index.js",
    "scripts": {
      "test": "mocha kyle/**/*.test.js"
    },
    "author": "",
    "license": "ISC",
    "dependencies": {
      "@mostly-adequate/support": "^2.0.1",
      "@swan-io/boxed": "^0.12.0",
      "@types/ramda": "^0.28.18",
      "@types/sinon": "^10.0.13",
      "axios": "^1.1.2",
      "chai": "^4.3.6",
      "chai-as-promised": "^7.1.1",
      "dayjs": "^1.11.6",
      "folktale": "^2.3.2",
      "immutable": "^4.1.0",
      "istanbul": "^0.4.5",
      "memoizee": "^0.4.15",
      "moment": "^2.29.4",
      "node-fetch": "^3.2.10",
      "sinon": "^14.0.1",
      "sinon-chai": "^3.7.0",
      "typescript": "^4.8.4",
      "xml2js": "^0.4.23"
    },
    "devDependencies": {
      "@js-temporal/polyfill": "^0.4.2",
      "@types/jest": "^29.1.2",
      "@types/lodash": "^4.14.186",
      "jest": "^29.2.0",
      "jsdom": "^20.0.1",
      "lodash": "^4.17.21",
      "mocha": "^10.0.0",
      "prettier": "2.7.1",
      "ramda": "^0.28.0",
      "ts-jest": "^29.0.3"
    }
  }

yarn manifest: 
  No manifest

Lockfile: 
  No lockfile
